name: run1
run_id: commands[0]
env COMSPEC: C:\WINDOWS\system32\cmd.exe
env NUMBER_OF_PROCESSORS: 8
env PATHEXT: .COM;.EXE;.BAT;.CMD;.VBS;.VBE;.JS;.JSE;.WSF;.WSH;.MSC;.PY;.PYW;.CPL
env PROCESSOR_ARCHITECTURE: AMD64
env PROGRAMDATA: C:\ProgramData
env PROGRAMFILES: C:\Program Files
env PROGRAMFILES(X86): C:\Program Files (x86)
env SYSTEMDRIVE: C:
env SYSTEMROOT: C:\WINDOWS
env TEMP: C:\Users\dell\AppData\Local\Temp
env TMP: C:\Users\dell\AppData\Local\Temp
env USERPROFILE: C:\Users\dell
env LANG: en_US.UTF-8
env PATH: C:\Users\dell\Downloads\test\model-serving-api\house-prices-api\.tox\test_app\Scripts;C:\Python310\Scripts\;C:\Python310\;C:\Program Files\Eclipse Adoptium\jdk-17.0.2.8-hotspot\bin;C:\Program Files\Common Files\Oracle\Java\javapath;C:\WINDOWS\system32;C:\WINDOWS;C:\WINDOWS\System32\Wbem;C:\WINDOWS\System32\WindowsPowerShell\v1.0\;C:\WINDOWS\System32\OpenSSH\;C:\Program Files\dotnet\;C:\Program Files (x86)\dotnet\;C:\Program Files\Java\jdk-17.0.2\bin;C:\Program Files\Docker\Docker\resources\bin;C:\ProgramData\DockerDesktop\version-bin;C:\Program Files\Git\cmd;C:\Users\dell\AppData\Local\Microsoft\WindowsApps;C:\Users\dell\AppData\Local\Programs\Microsoft VS Code\bin
env PYTHONHASHSEED: 599
env PIP_DISABLE_PIP_VERSION_CHECK: 1
env PYTHONIOENCODING: utf-8
env PYTHONPATH: .
env TOX_ENV_NAME: run1
env TOX_WORK_DIR: C:\Users\dell\Downloads\test\model-serving-api\house-prices-api\.tox
env TOX_ENV_DIR: C:\Users\dell\Downloads\test\model-serving-api\house-prices-api\.tox\test_app
env VIRTUAL_ENV: C:\Users\dell\Downloads\test\model-serving-api\house-prices-api\.tox\test_app
env COLUMNS: 158
env LINES: 8
metadata pid: 23604
cwd: C:\Users\dell\Downloads\test\model-serving-api\house-prices-api
allow: C:\Users\dell\Downloads\test\model-serving-api\house-prices-api\.tox\test_app\Scripts\*
cmd: python app/main.py
exit_code: 0
INFO:     ::1:58593 - "GET / HTTP/1.1" 200 OK
INFO:     ::1:58593 - "GET /favicon.ico HTTP/1.1" 404 Not Found
INFO:     ::1:58660 - "GET /docs HTTP/1.1" 200 OK
INFO:     ::1:58660 - "GET /api/v1/openapi.json HTTP/1.1" 200 OK
INFO:     ::1:58749 - "GET /docs HTTP/1.1" 200 OK
INFO:     ::1:58749 - "GET /api/v1/openapi.json HTTP/1.1" 200 OK

standard error:
C:\Users\dell\Downloads\test\model-serving-api\house-prices-api\.tox\test_app\lib\site-packages\sklearn\base.py:299: UserWarning: Trying to unpickle estimator Binarizer from version 1.2.0 when using version 1.2.1. This might lead to breaking code or invalid results. Use at your own risk. For more info please refer to:
https://scikit-learn.org/stable/model_persistence.html#security-maintainability-limitations
  warnings.warn(
C:\Users\dell\Downloads\test\model-serving-api\house-prices-api\.tox\test_app\lib\site-packages\sklearn\base.py:299: UserWarning: Trying to unpickle estimator MinMaxScaler from version 1.2.0 when using version 1.2.1. This might lead to breaking code or invalid results. Use at your own risk. For more info please refer to:
https://scikit-learn.org/stable/model_persistence.html#security-maintainability-limitations
  warnings.warn(
C:\Users\dell\Downloads\test\model-serving-api\house-prices-api\.tox\test_app\lib\site-packages\sklearn\base.py:299: UserWarning: Trying to unpickle estimator Lasso from version 1.2.0 when using version 1.2.1. This might lead to breaking code or invalid results. Use at your own risk. For more info please refer to:
https://scikit-learn.org/stable/model_persistence.html#security-maintainability-limitations
  warnings.warn(
C:\Users\dell\Downloads\test\model-serving-api\house-prices-api\.tox\test_app\lib\site-packages\sklearn\base.py:299: UserWarning: Trying to unpickle estimator Pipeline from version 1.2.0 when using version 1.2.1. This might lead to breaking code or invalid results. Use at your own risk. For more info please refer to:
https://scikit-learn.org/stable/model_persistence.html#security-maintainability-limitations
  warnings.warn(
2023-02-20 11:53:21.936 | WARNING  | __main__:<module>:55 - Running in development mode. Do not run like this in production.
INFO:     Started server process [9372]
INFO:     Waiting for application startup.
INFO:     Application startup complete.
INFO:     Uvicorn running on http://localhost:8001 (Press CTRL+C to quit)
INFO:     Shutting down
INFO:     Waiting for application shutdown.
INFO:     Application shutdown complete.
INFO:     Finished server process [9372]
